<?xml version="1.0" encoding="UTF-8"?>
<!-- Generated by org.testng.reporters.JUnitReportReporter -->
<testsuite skipped="0" hostname="DESKTOP-PU16VBP" name="com.cap.testCases.Google_Test" tests="4" failures="0" timestamp="2021-09-16T10:40:57 CDT" time="53.818" errors="0">
  <testcase name="test_Create_Account" time="9.114" classname="com.cap.testCases.Google_Test"/>
  <system-out/>
  <testcase name="test_Create_Account" time="22.505" classname="com.cap.testCases.Google_Test"/>
  <system-out/>
  <testcase name="test_displayLogo" time="12.224" classname="com.cap.testCases.Google_Test"/>
  <system-out/>
  <testcase name="test_displayLogo" time="9.975" classname="com.cap.testCases.Google_Test"/>
  <system-out/>
</testsuite> <!-- com.cap.testCases.Google_Test -->
