<?xml version="1.0" encoding="UTF-8"?>
<!-- Generated by org.testng.reporters.JUnitReportReporter -->
<testsuite skipped="0" hostname="DESKTOP-PU16VBP" name="com.cap.testCases.CreateAccountTest2" tests="4" failures="0" timestamp="2021-09-16T10:40:57 CDT" time="44.620" errors="0">
  <testcase name="test_Create_Account2" time="17.480" classname="com.cap.testCases.CreateAccountTest2"/>
  <system-out/>
  <testcase name="test_Create_Account2" time="7.483" classname="com.cap.testCases.CreateAccountTest2"/>
  <system-out/>
  <testcase name="test_displayLogo2" time="12.204" classname="com.cap.testCases.CreateAccountTest2"/>
  <system-out/>
  <testcase name="test_displayLogo2" time="7.453" classname="com.cap.testCases.CreateAccountTest2"/>
  <system-out/>
</testsuite> <!-- com.cap.testCases.CreateAccountTest2 -->
