<?xml version="1.0" encoding="UTF-8"?>
<!-- Generated by org.testng.reporters.JUnitReportReporter -->
<testsuite skipped="0" hostname="DESKTOP-PU16VBP" name="TestCase.CreateAccountTest" tests="1" failures="0" timestamp="2021-02-20T16:22:30 CST" time="50.284" errors="0">
  <testcase name="test_Create_Account" time="50.284" classname="TestCase.CreateAccountTest"/>
  <system-out/>
</testsuite> <!-- TestCase.CreateAccountTest -->
